<?xml version="1.0" encoding="UTF-8"?>
<!-- Generated by org.testng.reporters.JUnitReportReporter -->
<testsuite name="facebook.signupTest" tests="1" time="32.817" ignored="0" failures="0" timestamp="26 Dec 2019 04:10:15 GMT" skipped="0" hostname="QAPLANET-PC" errors="0">
  <testcase name="TC_signup" time="32.817" classname="facebook.signupTest"/>
</testsuite> <!-- facebook.signupTest -->
